warning: unused imports: `PublicKey`, `SecretKey`, and `signature::Signer`
 --> src/handlers/api_handlers/crypto.rs:9:46
  |
9 | use p256::{ecdsa::{SigningKey, VerifyingKey, signature::Signer}, PublicKey, SecretKey};
  |                                              ^^^^^^^^^^^^^^^^^   ^^^^^^^^^  ^^^^^^^^^
  |
  = note: `#[warn(unused_imports)]` (part of `#[warn(unused)]`) on by default

warning: unused variable: `e`
  --> src/handlers/api_handlers/filemanager.rs:48:13
   |
48 |         Err(e) => {
   |             ^ help: if this is intentional, prefix it with an underscore: `_e`
   |
   = note: `#[warn(unused_variables)]` (part of `#[warn(unused)]`) on by default

warning: struct `AboutContent` is never constructed
 --> src/handlers/api_handlers/about.rs:8:12
  |
8 | pub struct AboutContent {
  |            ^^^^^^^^^^^^
  |
  = note: `#[warn(dead_code)]` (part of `#[warn(unused)]`) on by default

warning: struct `PaginatedResponse` is never constructed
  --> src/handlers/api_handlers/comment.rs:34:12
   |
34 | pub struct PaginatedResponse<T> {
   |            ^^^^^^^^^^^^^^^^^

warning: struct `Pagination` is never constructed
  --> src/handlers/api_handlers/comment.rs:41:12
   |
41 | pub struct Pagination {
   |            ^^^^^^^^^^

warning: field `session_id` is never read
  --> src/handlers/api_handlers/crypto.rs:14:9
   |
13 | pub struct ECCSession {
   |            ---------- field in this struct
14 |     pub session_id: String,
   |         ^^^^^^^^^^
   |
   = note: `ECCSession` has a derived impl for the trait `Clone`, but this is intentionally ignored during dead code analysis

warning: struct `StaticFileService` is never constructed
 --> src/static/mod.rs:7:12
  |
7 | pub struct StaticFileService;
  |            ^^^^^^^^^^^^^^^^^

warning: associated functions `get_etag`, `check_cache`, and `add_cache_headers` are never used
  --> src/static/mod.rs:11:12
   |
 9 | impl StaticFileService {
   | ---------------------- associated functions in this implementation
10 |     /// 获取文件的 ETag
11 |     pub fn get_etag(file_path: &Path) -> Option<String> {
   |            ^^^^^^^^
...
28 |     pub fn check_cache(req: &HttpRequest, file_path: &Path) -> Option<HttpResponse> {
   |            ^^^^^^^^^^^
...
45 |     pub fn add_cache_headers(mut response: HttpResponse, max_age: u32) -> HttpResponse {
   |            ^^^^^^^^^^^^^^^^^

warning: function `get_cache_max_age` is never used
  --> src/static/mod.rs:59:8
   |
59 | pub fn get_cache_max_age(file_path: &Path) -> u32 {
   |        ^^^^^^^^^^^^^^^^^

warning: struct `Visitor` is never constructed
  --> src/db/models.rs:39:12
   |
39 | pub struct Visitor {
   |            ^^^^^^^

warning: struct `ArticleView` is never constructed
  --> src/db/models.rs:49:12
   |
49 | pub struct ArticleView {
   |            ^^^^^^^^^^^

warning: struct `Setting` is never constructed
  --> src/db/models.rs:75:12
   |
75 | pub struct Setting {
   |            ^^^^^^^

warning: method `get_by_id` is never used
   --> src/db/repositories.rs:263:18
    |
242 | impl CommentRepository {
    | ---------------------- method in this implementation
...
263 |     pub async fn get_by_id(&self, id: i64) -> Result<Comment, Box<dyn std::error::Error>> {
    |                  ^^^^^^^^^

warning: struct `SettingRepository` is never constructed
   --> src/db/repositories.rs:564:12
    |
564 | pub struct SettingRepository;
    |            ^^^^^^^^^^^^^^^^^

warning: associated functions `get`, `set`, `get_all`, and `get_by_category` are never used
   --> src/db/repositories.rs:568:12
    |
566 | impl SettingRepository {
    | ---------------------- associated functions in this implementation
567 |     /// 获取设置值
568 |     pub fn get(conn: &rusqlite::Connection, key: &str) -> Result<Option<Setting>, Box<dyn std::error::Error>> {
    |            ^^^
...
591 |     pub fn set(conn: &rusqlite::Connection, setting: &Setting) -> Result<(), Box<dyn std::error::Error>> {
    |            ^^^
...
609 |     pub fn get_all(conn: &rusqlite::Connection) -> Result<Vec<Setting>, Box<dyn std::error::Error>> {
    |            ^^^^^^^
...
632 |     pub fn get_by_category(conn: &rusqlite::Connection, category: &str) -> Result<Vec<Setting>, Box<dyn std::error::Error>> {
    |            ^^^^^^^^^^^^^^^

warning: method `get_all_without_pagination` is never used
   --> src/db/repositories.rs:733:18
    |
660 | impl CategoryRepository {
    | ----------------------- method in this implementation
...
733 |     pub async fn get_all_without_pagination(&self) -> Result<Vec<Category>, Box<dyn std::error::Error>> {
    |                  ^^^^^^^^^^^^^^^^^^^^^^^^^^

warning: method `get_all_without_pagination` is never used
   --> src/db/repositories.rs:872:18
    |
796 | impl TagRepository {
    | ------------------ method in this implementation
...
872 |     pub async fn get_all_without_pagination(&self) -> Result<Vec<Tag>, Box<dyn std::error::Error>> {
    |                  ^^^^^^^^^^^^^^^^^^^^^^^^^^

warning: method `get_by_username` is never used
   --> src/db/repositories.rs:986:18
    |
937 | impl UserRepository {
    | ------------------- method in this implementation
...
986 |     pub async fn get_by_username(&self, username: &str) -> Result<User, Box<dyn std::error::Error>> {
    |                  ^^^^^^^^^^^^^^^

warning: `rustblog` (bin "rustblog") generated 18 warnings (run `cargo fix --bin "rustblog" -p rustblog` to apply 2 suggestions)
    Finished `dev` profile [unoptimized + debuginfo] target(s) in 0.07s
     Running `target/debug/rustblog`
Error: Os { code: 98, kind: AddrInUse, message: "Address already in use" }
